<?xml version="1.0" encoding="UTF-8"?>
<!-- Generated by org.testng.reporters.JUnitXMLReporter -->
<testsuite hostname="IdeaPad-Saurabh" ignored="0" name="Test1" tests="2" failures="0" timestamp="2020-08-05T13:45:32 BST" time="0.178" errors="0">
  <testcase name="@BeforeTest launchBrowser" time="0.015" classname="Academy.HomePageFailTest">
    <failure type="java.lang.NullPointerException">
      <![CDATA[java.lang.NullPointerException
at Academy.base.initializeBrowser(base.java:31)
at Academy.HomePageFailTest.launchBrowser(HomePageFailTest.java:20)
at java.util.concurrent.FutureTask.run(Unknown Source)
at java.util.concurrent.ThreadPoolExecutor.runWorker(Unknown Source)
at java.util.concurrent.ThreadPoolExecutor$Worker.run(Unknown Source)
at java.lang.Thread.run(Unknown Source)
... Removed 15 stack frames]]>
    </failure>
  </testcase> <!-- @BeforeTest launchBrowser -->
  <testcase name="@BeforeTest launchBrowser" time="0.016" classname="Academy.HomePagePassTest">
    <failure type="java.lang.NullPointerException">
      <![CDATA[java.lang.NullPointerException
at Academy.base.initializeBrowser(base.java:31)
at Academy.HomePagePassTest.launchBrowser(HomePagePassTest.java:24)
at java.util.concurrent.FutureTask.run(Unknown Source)
at java.util.concurrent.ThreadPoolExecutor.runWorker(Unknown Source)
at java.util.concurrent.ThreadPoolExecutor$Worker.run(Unknown Source)
at java.lang.Thread.run(Unknown Source)
... Removed 15 stack frames]]>
    </failure>
  </testcase> <!-- @BeforeTest launchBrowser -->
  <testcase name="@AfterTest closebrowser" time="-1.596631532657E9" classname="Academy.HomePageFailTest">
    <skipped/>
  </testcase> <!-- @AfterTest closebrowser -->
  <testcase name="@AfterTest closebrowser" time="-1.596631532675E9" classname="Academy.HomePagePassTest">
    <skipped/>
  </testcase> <!-- @AfterTest closebrowser -->
  <testcase name="basepageNavigation" time="0.0" classname="Academy.HomePagePassTest">
    <skipped/>
  </testcase> <!-- basepageNavigation -->
  <testcase name="basepageNavigation" time="0.0" classname="Academy.HomePagePassTest">
    <skipped/>
  </testcase> <!-- basepageNavigation -->
</testsuite> <!-- Test1 -->
