<?xml version="1.0" encoding="UTF-8"?>
<testng-results skipped="0" failed="0" ignored="0" total="4" passed="4">
  <reporter-output>
  </reporter-output>
  <suite name="Suite" duration-ms="29846" started-at="2020-07-31T15:24:25 BST" finished-at="2020-07-31T15:24:55 BST">
    <groups>
    </groups>
    <test name="Test2" duration-ms="27231" started-at="2020-07-31T15:24:25 BST" finished-at="2020-07-31T15:24:52 BST">
      <class name="Academy.HomePageFailTest">
        <test-method status="PASS" signature="launchBrowser()[pri:0, instance:Academy.HomePageFailTest@7a765367]" name="launchBrowser" is-config="true" duration-ms="11940" started-at="2020-07-31T15:24:25 BST" finished-at="2020-07-31T15:24:37 BST">
          <reporter-output>
          </reporter-output>
        </test-method> <!-- launchBrowser -->
        <test-method status="PASS" signature="basepageNavigation(java.lang.String, java.lang.String, java.lang.String)[pri:0, instance:Academy.HomePageFailTest@7a765367]" name="basepageNavigation" duration-ms="7100" started-at="2020-07-31T15:24:37 BST" data-provider="getData" finished-at="2020-07-31T15:24:44 BST">
          <params>
            <param index="0">
              <value>
                <![CDATA[aaa]]>
              </value>
            </param>
            <param index="1">
              <value>
                <![CDATA[bbb]]>
              </value>
            </param>
            <param index="2">
              <value>
                <![CDATA[Case1]]>
              </value>
            </param>
          </params>
          <reporter-output>
          </reporter-output>
        </test-method> <!-- basepageNavigation -->
        <test-method status="PASS" signature="basepageNavigation(java.lang.String, java.lang.String, java.lang.String)[pri:0, instance:Academy.HomePageFailTest@7a765367]" name="basepageNavigation" duration-ms="7166" started-at="2020-07-31T15:24:44 BST" data-provider="getData" finished-at="2020-07-31T15:24:51 BST">
          <params>
            <param index="0">
              <value>
                <![CDATA[bbbbb]]>
              </value>
            </param>
            <param index="1">
              <value>
                <![CDATA[ddddd]]>
              </value>
            </param>
            <param index="2">
              <value>
                <![CDATA[Case2]]>
              </value>
            </param>
          </params>
          <reporter-output>
          </reporter-output>
        </test-method> <!-- basepageNavigation -->
        <test-method status="PASS" signature="closebrowser()[pri:0, instance:Academy.HomePageFailTest@7a765367]" name="closebrowser" is-config="true" duration-ms="949" started-at="2020-07-31T15:24:51 BST" finished-at="2020-07-31T15:24:52 BST">
          <reporter-output>
          </reporter-output>
        </test-method> <!-- closebrowser -->
      </class> <!-- Academy.HomePageFailTest -->
    </test> <!-- Test2 -->
    <test name="Test1" duration-ms="29846" started-at="2020-07-31T15:24:25 BST" finished-at="2020-07-31T15:24:55 BST">
      <class name="Academy.HomePagePassTest">
        <test-method status="PASS" signature="launchBrowser()[pri:0, instance:Academy.HomePagePassTest@394e1a0f]" name="launchBrowser" is-config="true" duration-ms="13783" started-at="2020-07-31T15:24:25 BST" finished-at="2020-07-31T15:24:39 BST">
          <reporter-output>
          </reporter-output>
        </test-method> <!-- launchBrowser -->
        <test-method status="PASS" signature="basepageNavigation(java.lang.String, java.lang.String, java.lang.String)[pri:0, instance:Academy.HomePagePassTest@394e1a0f]" name="basepageNavigation" duration-ms="10331" started-at="2020-07-31T15:24:39 BST" data-provider="getData" finished-at="2020-07-31T15:24:49 BST">
          <params>
            <param index="0">
              <value>
                <![CDATA[aaa]]>
              </value>
            </param>
            <param index="1">
              <value>
                <![CDATA[bbb]]>
              </value>
            </param>
            <param index="2">
              <value>
                <![CDATA[Case1]]>
              </value>
            </param>
          </params>
          <reporter-output>
          </reporter-output>
        </test-method> <!-- basepageNavigation -->
        <test-method status="PASS" signature="basepageNavigation(java.lang.String, java.lang.String, java.lang.String)[pri:0, instance:Academy.HomePagePassTest@394e1a0f]" name="basepageNavigation" duration-ms="5441" started-at="2020-07-31T15:24:49 BST" data-provider="getData" finished-at="2020-07-31T15:24:54 BST">
          <params>
            <param index="0">
              <value>
                <![CDATA[bbbbb]]>
              </value>
            </param>
            <param index="1">
              <value>
                <![CDATA[ddddd]]>
              </value>
            </param>
            <param index="2">
              <value>
                <![CDATA[Case2]]>
              </value>
            </param>
          </params>
          <reporter-output>
          </reporter-output>
        </test-method> <!-- basepageNavigation -->
        <test-method status="PASS" signature="closebrowser()[pri:0, instance:Academy.HomePagePassTest@394e1a0f]" name="closebrowser" is-config="true" duration-ms="276" started-at="2020-07-31T15:24:54 BST" finished-at="2020-07-31T15:24:55 BST">
          <reporter-output>
          </reporter-output>
        </test-method> <!-- closebrowser -->
      </class> <!-- Academy.HomePagePassTest -->
    </test> <!-- Test1 -->
  </suite> <!-- Suite -->
</testng-results>
